2024-08-18 23:00:38.932999: I external/org_tensorflow/tensorflow/core/util/port.cc:153] oneDNN custom operations are on. You may see slightly different numerical results due to floating-point round-off errors from different computation orders. To turn them off, set the environment variable `TF_ENABLE_ONEDNN_OPTS=0`.
2024-08-18 23:00:38.934389: I tensorflow_serving/model_servers/server.cc:77] Building single TensorFlow model file config:  model_name: fashion_model model_base_path: /tmp
2024-08-18 23:00:38.934650: I tensorflow_serving/model_servers/server_core.cc:474] Adding/updating models.
2024-08-18 23:00:38.934661: I tensorflow_serving/model_servers/server_core.cc:603]  (Re-)adding model: fashion_model
2024-08-18 23:00:39.106858: I tensorflow_serving/core/basic_manager.cc:740] Successfully reserved resources to load servable {name: fashion_model version: 1}
2024-08-18 23:00:39.106923: I tensorflow_serving/core/loader_harness.cc:68] Approving load for servable version {name: fashion_model version: 1}
2024-08-18 23:00:39.106932: I tensorflow_serving/core/loader_harness.cc:76] Loading servable version {name: fashion_model version: 1}
2024-08-18 23:00:39.107131: I external/org_tensorflow/tensorflow/cc/saved_model/reader.cc:83] Reading SavedModel from: /tmp/1
2024-08-18 23:00:39.108490: I external/org_tensorflow/tensorflow/cc/saved_model/reader.cc:52] Reading meta graph with tags { serve }
2024-08-18 23:00:39.108508: I external/org_tensorflow/tensorflow/cc/saved_model/reader.cc:147] Reading SavedModel debug info (if present) from: /tmp/1
2024-08-18 23:00:39.108613: I external/org_tensorflow/tensorflow/core/platform/cpu_feature_guard.cc:210] This TensorFlow binary is optimized to use available CPU instructions in performance-critical operations.
To enable the following instructions: AVX2 AVX_VNNI FMA, in other operations, rebuild TensorFlow with the appropriate compiler flags.
2024-08-18 23:00:39.133037: I external/org_tensorflow/tensorflow/compiler/mlir/mlir_graph_optimization_pass.cc:388] MLIR V1 optimization pass is not enabled
2024-08-18 23:00:39.133998: I external/org_tensorflow/tensorflow/cc/saved_model/loader.cc:236] Restoring SavedModel bundle.
2024-08-18 23:00:39.206424: I external/org_tensorflow/tensorflow/cc/saved_model/loader.cc:220] Running initialization op on SavedModel bundle at path: /tmp/1
2024-08-18 23:00:39.218123: I external/org_tensorflow/tensorflow/cc/saved_model/loader.cc:462] SavedModel load for tags { serve }; Status: success: OK. Took 110993 microseconds.
2024-08-18 23:00:39.218630: I tensorflow_serving/servables/tensorflow/saved_model_warmup_util.cc:82] No warmup data file found at /tmp/1/assets.extra/tf_serving_warmup_requests
2024-08-18 23:00:39.287177: I tensorflow_serving/core/loader_harness.cc:97] Successfully loaded servable version {name: fashion_model version: 1}
2024-08-18 23:00:39.289369: I tensorflow_serving/model_servers/server_core.cc:495] Finished adding/updating models
2024-08-18 23:00:39.289458: I tensorflow_serving/model_servers/server.cc:121] Using InsecureServerCredentials
2024-08-18 23:00:39.289465: I tensorflow_serving/model_servers/server.cc:388] Profiler service is enabled
2024-08-18 23:00:39.294266: I tensorflow_serving/model_servers/server.cc:423] Running gRPC ModelServer at 0.0.0.0:8500 ...
[evhttp_server.cc : 250] NET_LOG: Entering the event loop ...
2024-08-18 23:00:39.297779: I tensorflow_serving/model_servers/server.cc:444] Exporting HTTP/REST API at:localhost:8501 ...
2024-08-18 23:02:55.049347: I tensorflow_serving/core/basic_manager.cc:740] Successfully reserved resources to load servable {name: fashion_model version: 2}
2024-08-18 23:02:55.049430: I tensorflow_serving/core/loader_harness.cc:68] Approving load for servable version {name: fashion_model version: 2}
2024-08-18 23:02:55.049439: I tensorflow_serving/core/loader_harness.cc:76] Loading servable version {name: fashion_model version: 2}
2024-08-18 23:02:55.049570: I external/org_tensorflow/tensorflow/cc/saved_model/reader.cc:83] Reading SavedModel from: /tmp/2
2024-08-18 23:02:55.050246: I external/org_tensorflow/tensorflow/cc/saved_model/reader.cc:52] Reading meta graph with tags { serve }
2024-08-18 23:02:55.050295: I external/org_tensorflow/tensorflow/cc/saved_model/reader.cc:147] Reading SavedModel debug info (if present) from: /tmp/2
2024-08-18 23:02:55.055042: I external/org_tensorflow/tensorflow/cc/saved_model/loader.cc:236] Restoring SavedModel bundle.
2024-08-18 23:02:55.089283: I external/org_tensorflow/tensorflow/cc/saved_model/loader.cc:220] Running initialization op on SavedModel bundle at path: /tmp/2
2024-08-18 23:02:55.098248: I external/org_tensorflow/tensorflow/cc/saved_model/loader.cc:462] SavedModel load for tags { serve }; Status: success: OK. Took 48679 microseconds.
2024-08-18 23:02:55.098801: I tensorflow_serving/servables/tensorflow/saved_model_warmup_util.cc:82] No warmup data file found at /tmp/2/assets.extra/tf_serving_warmup_requests
2024-08-18 23:02:55.163091: I tensorflow_serving/core/loader_harness.cc:97] Successfully loaded servable version {name: fashion_model version: 2}
2024-08-18 23:02:55.163151: I tensorflow_serving/core/loader_harness.cc:154] Quiescing servable version {name: fashion_model version: 1}
2024-08-18 23:02:55.163157: I tensorflow_serving/core/loader_harness.cc:161] Done quiescing servable version {name: fashion_model version: 1}
2024-08-18 23:02:55.163159: I tensorflow_serving/core/loader_harness.cc:121] Unloading just-loaded servable version {name: fashion_model version: 1}
2024-08-18 23:02:55.165043: I ./tensorflow_serving/core/simple_loader.h:371] Calling MallocExtension_ReleaseToSystem() after servable unload with 5409586
2024-08-18 23:02:55.165069: I tensorflow_serving/core/loader_harness.cc:129] Done unloading servable version {name: fashion_model version: 1}
